<?xml version="1.0" encoding="UTF-8"?>
<testsuite xmlns:xsi="http://www.w3.org/2001/XMLSchema-instance" xsi:noNamespaceSchemaLocation="https://maven.apache.org/surefire/maven-surefire-plugin/xsd/surefire-test-report-3.0.xsd" version="3.0" name="com.enviro.assessment.junior.khulekani.controller.PortfolioControllerTest" time="6.098" tests="2" errors="0" skipped="0" failures="0">
  <properties>
[...]
</properties>
  <testcase name="getPortfolioReturnsNotFoundForUnknownInvestor" classname="com.enviro.assessment.junior.khulekani.controller.PortfolioControllerTest" time="0.453">
    <system-out><![CDATA[09:35:05.553 [main] INFO org.springframework.test.context.support.AnnotationConfigContextLoaderUtils -- Could not detect default configuration classes for test class [com.enviro.assessment.junior.khulekani.controller.PortfolioControllerTest]: PortfolioControllerTest does not declare any static, non-private, non-final, nested classes annotated with @Configuration.
09:35:05.801 [main] INFO org.springframework.boot.test.context.SpringBootTestContextBootstrapper -- Found @SpringBootConfiguration com.enviro.assessment.junior.khulekani.Enviro365Application for test class com.enviro.assessment.junior.khulekani.controller.PortfolioControllerTest

  .   ____          _            __ _ _
 /\\ / ___'_ __ _ _(_)_ __  __ _ \ \ \ \
( ( )\___ | '_ | '_| | '_ \/ _` | \ \ \ \
 \\/  ___)| |_)| | | | | || (_| |  ) ) ) )
  '  |____| .__|_| |_|_| |_\__, | / / / /
 =========|_|==============|___/=/_/_/_/

 :: Spring Boot ::                (v3.3.5)

2026-09-09T09:35:06.585+02:00  INFO 4140 --- [           main] c.e.a.j.k.c.PortfolioControllerTest      : Starting PortfolioControllerTest using Java 17.0.20.1 with PID 4140 (started by CAPACITI-JHB in C:\Users\CAPACITI-JHB\Documents\holden\enviro365-withdrawal-system\back end)
2026-09-09T09:35:06.590+02:00  INFO 4140 --- [           main] c.e.a.j.k.c.PortfolioControllerTest      : No active profile set, falling back to 1 default profile: "default"
2026-09-09T09:35:10.698+02:00  INFO 4140 --- [           main] o.s.b.t.m.w.SpringBootMockServletContext : Initializing Spring TestDispatcherServlet ''
2026-09-09T09:35:10.698+02:00  INFO 4140 --- [           main] o.s.t.web.servlet.TestDispatcherServlet  : Initializing Servlet ''
2026-09-09T09:35:10.702+02:00  INFO 4140 --- [           main] o.s.t.web.servlet.TestDispatcherServlet  : Completed initialization in 1 ms
2026-09-09T09:35:10.749+02:00  INFO 4140 --- [           main] c.e.a.j.k.c.PortfolioControllerTest      : Started PortfolioControllerTest in 4.799 seconds (process running for 6.731)
]]></system-out>
  </testcase>
  <testcase name="getPortfolioReturnsPortfolioForKnownInvestor" classname="com.enviro.assessment.junior.khulekani.controller.PortfolioControllerTest" time="0.058"/>
</testsuite>